{
  "RSpec": {
    "coverage": {
      "/Users/patrickshim/Dev/Practice/mvc_practice/Gopher-IT-Solutions/config/environment.rb": {
        "lines": [
          null,
          1,
          null,
          null,
          1
        ]
      },
      "/Users/patrickshim/Dev/Practice/mvc_practice/Gopher-IT-Solutions/config/application.rb": {
        "lines": [
          1,
          null,
          1,
          null,
          1,
          1,
          1,
          1,
          1,
          1,
          1,
          1,
          1,
          1,
          null,
          null,
          null,
          null,
          1,
          null,
          1,
          1,
          null,
          1,
          null,
          null,
          null,
          null,
          1,
          null,
          null,
          null,
          null,
          null,
          null,
          null,
          null,
          null,
          null,
          1,
          null,
          null
        ]
      },
      "/Users/patrickshim/Dev/Practice/mvc_practice/Gopher-IT-Solutions/config/boot.rb": {
        "lines": [
          1,
          null,
          1,
          1
        ]
      },
      "/Users/patrickshim/Dev/Practice/mvc_practice/Gopher-IT-Solutions/config/environments/test.rb": {
        "lines": [
          1,
          null,
          null,
          null,
          null,
          null,
          null,
          1,
          null,
          null,
          null,
          1,
          null,
          null,
          null,
          null,
          null,
          1,
          null,
          null,
          1,
          null,
          null,
          1,
          1,
          1,
          null,
          null,
          1,
          null,
          null,
          1,
          null,
          null,
          1,
          null,
          null,
          null,
          1,
          null,
          null,
          null,
          null,
          1,
          null,
          null,
          null,
          1,
          null,
          null,
          1,
          null,
          null,
          1,
          null,
          null,
          1,
          null,
          null,
          null,
          null,
          null,
          null,
          null,
          null,
          1,
          null
        ]
      },
      "/Users/patrickshim/Dev/Practice/mvc_practice/Gopher-IT-Solutions/config/initializers/assets.rb": {
        "lines": [
          null,
          null,
          null,
          1,
          null,
          null,
          null,
          null,
          null,
          null,
          null,
          null
        ]
      },
      "/Users/patrickshim/Dev/Practice/mvc_practice/Gopher-IT-Solutions/config/initializers/content_security_policy.rb": {
        "lines": [
          null,
          null,
          null,
          null,
          null,
          null,
          null,
          null,
          null,
          null,
          null,
          null,
          null,
          null,
          null,
          null,
          null,
          null,
          null,
          null,
          null,
          null,
          null,
          null,
          null
        ]
      },
      "/Users/patrickshim/Dev/Practice/mvc_practice/Gopher-IT-Solutions/config/initializers/filter_parameter_logging.rb": {
        "lines": [
          null,
          null,
          null,
          null,
          null,
          1,
          null,
          null
        ]
      },
      "/Users/patrickshim/Dev/Practice/mvc_practice/Gopher-IT-Solutions/config/initializers/inflections.rb": {
        "lines": [
          null,
          null,
          null,
          null,
          null,
          null,
          null,
          null,
          null,
          null,
          null,
          null,
          null,
          null,
          null,
          null
        ]
      },
      "/Users/patrickshim/Dev/Practice/mvc_practice/Gopher-IT-Solutions/config/initializers/permissions_policy.rb": {
        "lines": [
          null,
          null,
          null,
          null,
          null,
          null,
          null,
          null,
          null,
          null,
          null,
          null,
          null
        ]
      },
      "/Users/patrickshim/Dev/Practice/mvc_practice/Gopher-IT-Solutions/spec/factories/tickets.rb": {
        "lines": [
          1,
          1,
          1,
          1,
          null,
          0,
          null,
          null,
          null,
          null,
          null,
          null,
          null,
          1,
          null,
          null
        ]
      },
      "/Users/patrickshim/Dev/Practice/mvc_practice/Gopher-IT-Solutions/config/routes.rb": {
        "lines": [
          1,
          null,
          null,
          null,
          null,
          1,
          null,
          null,
          1,
          1,
          null,
          null,
          1,
          1,
          null
        ]
      },
      "/Users/patrickshim/Dev/Practice/mvc_practice/Gopher-IT-Solutions/app/helpers/application_helper.rb": {
        "lines": [
          1,
          null
        ]
      },
      "/Users/patrickshim/Dev/Practice/mvc_practice/Gopher-IT-Solutions/app/models/ticket.rb": {
        "lines": [
          1,
          1,
          1,
          null,
          1,
          null
        ]
      },
      "/Users/patrickshim/Dev/Practice/mvc_practice/Gopher-IT-Solutions/app/models/application_record.rb": {
        "lines": [
          1,
          1,
          null
        ]
      },
      "/Users/patrickshim/Dev/Practice/mvc_practice/Gopher-IT-Solutions/app/controllers/tickets_controller.rb": {
        "lines": [
          1,
          1,
          null,
          1,
          4,
          null,
          null,
          1,
          0,
          null,
          null,
          1,
          0,
          0,
          null,
          null,
          1,
          null,
          1,
          0,
          0,
          null,
          null,
          1,
          null,
          1,
          2,
          2,
          null,
          null,
          1,
          null,
          1,
          2,
          null,
          null,
          1,
          0,
          null,
          null
        ]
      },
      "/Users/patrickshim/Dev/Practice/mvc_practice/Gopher-IT-Solutions/app/controllers/application_controller.rb": {
        "lines": [
          1,
          null,
          1,
          null
        ]
      }
    },
    "timestamp": 1747180161
  }
}
